<?xml version="1.0" encoding="UTF-8"?>
<!-- Generated by org.testng.reporters.JUnitReportReporter -->
<testsuite skipped="0" hostname="LAPTOP-MFQE14RK" name="com.zwz.test.javamall.SingUp" tests="1" failures="0" timestamp="25 二月 2020 03:06:25 GMT" time="30.136" errors="0">
  <testcase name="signUp" time="30.136" classname="com.zwz.test.javamall.SingUp"/>
</testsuite> <!-- com.zwz.test.javamall.SingUp -->
