<?xml version="1.0" encoding="UTF-8"?>
<!-- Generated by org.testng.reporters.JUnitReportReporter -->
<testsuite skipped="0" hostname="LAPTOP-MFQE14RK" name="com.zwz.test.javamall.TestNgStudy1" tests="1" failures="0" timestamp="26 二月 2020 02:21:49 GMT" time="0.015" errors="0">
  <testcase name="f" time="0.015" classname="com.zwz.test.javamall.TestNgStudy1"/>
</testsuite> <!-- com.zwz.test.javamall.TestNgStudy1 -->
