<?xml version="1.0" encoding="UTF-8"?>
<!-- Generated by org.testng.reporters.JUnitReportReporter -->
<testsuite skipped="0" hostname="LAPTOP-MFQE14RK" name="com.zwz.test.javamall.SignIn" tests="1" failures="0" timestamp="25 二月 2020 02:50:52 GMT" time="25.443" errors="0">
  <testcase name="signIn" time="25.443" classname="com.zwz.test.javamall.SignIn"/>
</testsuite> <!-- com.zwz.test.javamall.SignIn -->
